<?xml version="1.0" encoding="UTF-8"?>
<!-- Generated by org.testng.reporters.JUnitXMLReporter -->
<testsuite ignored="4" hostname="n-macbook" failures="1" tests="5" name="Command line test" time="12.4" errors="0" timestamp="2022-05-01T19:02:47 EET">
  <testcase classname="com.myecomm.testcases.AddToCartTest" name="searchProduct" time="3.986"/>
  <testcase classname="com.myecomm.testcases.AddToCartTest" name="addProductToCart" time="3.56"/>
  <testcase classname="com.myecomm.testcases.AddToCartTest" name="isProductAddedToCart" time="2.536"/>
  <testcase classname="com.myecomm.testcases.LoginPageTest" name="navigateToLoginPage" time="2.287"/>
  <testcase classname="com.myecomm.testcases.LoginPageTest" name="enterCredentialsAndLogin" time="0.0">
    <failure type="org.testng.TestNGException" message="
Parameter &amp;apos;username&amp;apos; is required by @Test on method enterCredentialsAndLogin but has not been marked @Optional or defined
">
      <![CDATA[org.testng.TestNGException: 
Parameter 'username' is required by @Test on method enterCredentialsAndLogin but has not been marked @Optional or defined

at java.base/java.util.ArrayList.forEach(ArrayList.java:1541)
... Removed 36 stack frames]]>
    </failure>
  </testcase> <!-- enterCredentialsAndLogin -->
  <testcase classname="com.myecomm.pages.BasePage" name="@AfterSuite tearDown" time="0.0">
    <ignored/>
  </testcase> <!-- @AfterSuite tearDown -->
  <testcase classname="com.myecomm.pages.BasePage" name="@AfterSuite tearDown" time="0.0">
    <ignored/>
  </testcase> <!-- @AfterSuite tearDown -->
  <testcase classname="com.myecomm.pages.BasePage" name="@BeforeSuite testSetUp" time="0.0">
    <ignored/>
  </testcase> <!-- @BeforeSuite testSetUp -->
  <testcase classname="com.myecomm.pages.BasePage" name="@BeforeSuite testSetUp" time="0.0">
    <ignored/>
  </testcase> <!-- @BeforeSuite testSetUp -->
</testsuite> <!-- Command line test -->
